  main.cpp
C:\TimFolder\Study\AY2122_S2\CS3242\CS3242-Docs\Modelling Lab Materials\Assignment\Lab 01 version 1.1 skeleton\Lab 01\main.cpp(181,26): warning C4244: '+=': conversion from 'double' to 'GLfloat', possible loss of data
  mesh.cpp
C:\TimFolder\Study\AY2122_S2\CS3242\CS3242-Docs\Modelling Lab Materials\Assignment\Lab 01 version 1.1 skeleton\Lab 01\mesh.cpp(44,53): warning C4244: 'argument': conversion from 'double' to 'GLfloat', possible loss of data
C:\TimFolder\Study\AY2122_S2\CS3242\CS3242-Docs\Modelling Lab Materials\Assignment\Lab 01 version 1.1 skeleton\Lab 01\mesh.cpp(44,34): warning C4244: 'argument': conversion from 'double' to 'GLfloat', possible loss of data
C:\TimFolder\Study\AY2122_S2\CS3242\CS3242-Docs\Modelling Lab Materials\Assignment\Lab 01 version 1.1 skeleton\Lab 01\mesh.cpp(44,15): warning C4244: 'argument': conversion from 'double' to 'GLfloat', possible loss of data
C:\TimFolder\Study\AY2122_S2\CS3242\CS3242-Docs\Modelling Lab Materials\Assignment\Lab 01 version 1.1 skeleton\Lab 01\mesh.cpp(84,101): warning C4244: 'argument': conversion from '_Ty' to 'GLfloat', possible loss of data
          with
          [
              _Ty=double
          ]
C:\TimFolder\Study\AY2122_S2\CS3242\CS3242-Docs\Modelling Lab Materials\Assignment\Lab 01 version 1.1 skeleton\Lab 01\mesh.cpp(84,71): warning C4244: 'argument': conversion from '_Ty' to 'GLfloat', possible loss of data
          with
          [
              _Ty=double
          ]
C:\TimFolder\Study\AY2122_S2\CS3242\CS3242-Docs\Modelling Lab Materials\Assignment\Lab 01 version 1.1 skeleton\Lab 01\mesh.cpp(84,41): warning C4244: 'argument': conversion from '_Ty' to 'GLfloat', possible loss of data
          with
          [
              _Ty=double
          ]
C:\TimFolder\Study\AY2122_S2\CS3242\CS3242-Docs\Modelling Lab Materials\Assignment\Lab 01 version 1.1 skeleton\Lab 01\mesh.cpp(88,27): warning C4305: 'argument': truncation from 'double' to 'GLfloat'
C:\TimFolder\Study\AY2122_S2\CS3242\CS3242-Docs\Modelling Lab Materials\Assignment\Lab 01 version 1.1 skeleton\Lab 01\mesh.cpp(248,43): warning C4244: '=': conversion from 'double' to 'int', possible loss of data
C:\TimFolder\Study\AY2122_S2\CS3242\CS3242-Docs\Modelling Lab Materials\Assignment\Lab 01 version 1.1 skeleton\Lab 01\mesh.cpp(357,76): warning C4244: '=': conversion from 'double' to 'int', possible loss of data
  operationLib.cpp
  subdivisionLoop.cpp
C:\TimFolder\Study\AY2122_S2\CS3242\CS3242-Docs\Modelling Lab Materials\Assignment\Lab 01 version 1.1 skeleton\Lab 01\subdivisionLoop.cpp(117,12): warning C4244: 'initializing': conversion from 'unsigned __int64' to 'double', possible loss of data
  Generating code
  Previous IPDB not found, fall back to full compilation.
  All 1970 functions were compiled because no usable IPDB/IOBJ from previous compilation was found.
  Finished generating code
  Lab 01.vcxproj -> C:\TimFolder\Study\AY2122_S2\CS3242\CS3242-Docs\Modelling Lab Materials\Assignment\Lab 01 version 1.1 skeleton\x64\Release\Lab 01.exe
