  BVH.cpp
C:\TimFolder\Study\AY2122_S2\CS3242\CS3242-Docs\CS3242Assignment1-IKFK-template\BVH.cpp(127,22): warning C4244: '=': conversion from 'double' to 'float', possible loss of data
C:\TimFolder\Study\AY2122_S2\CS3242\CS3242-Docs\CS3242Assignment1-IKFK-template\BVH.cpp(128,22): warning C4244: '=': conversion from 'double' to 'float', possible loss of data
C:\TimFolder\Study\AY2122_S2\CS3242\CS3242-Docs\CS3242Assignment1-IKFK-template\BVH.cpp(129,22): warning C4244: '=': conversion from 'double' to 'float', possible loss of data
C:\TimFolder\Study\AY2122_S2\CS3242\CS3242-Docs\CS3242Assignment1-IKFK-template\BVH.cpp(177,30): warning C4244: '=': conversion from 'double' to 'float', possible loss of data
C:\TimFolder\Study\AY2122_S2\CS3242\CS3242-Docs\CS3242Assignment1-IKFK-template\BVH.cpp(190,62): warning C4244: '=': conversion from 'double' to 'float', possible loss of data
  BVHAnimator.cpp
C:\TimFolder\Study\AY2122_S2\CS3242\CS3242-Docs\CS3242Assignment1-IKFK-template\BVHAnimator.cpp(114,62): warning C4244: 'argument': conversion from 'GLdouble' to 'GLint', possible loss of data
C:\TimFolder\Study\AY2122_S2\CS3242\CS3242-Docs\CS3242Assignment1-IKFK-template\BVHAnimator.cpp(114,54): warning C4244: 'argument': conversion from 'GLdouble' to 'GLint', possible loss of data
C:\TimFolder\Study\AY2122_S2\CS3242\CS3242-Docs\CS3242Assignment1-IKFK-template\BVHAnimator.cpp(154,23): warning C4305: 'initializing': truncation from 'double' to 'float'
C:\TimFolder\Study\AY2122_S2\CS3242\CS3242-Docs\CS3242Assignment1-IKFK-template\BVHAnimator.cpp(263,88): warning C4305: 'argument': truncation from 'double' to 'float'
C:\TimFolder\Study\AY2122_S2\CS3242\CS3242-Docs\CS3242Assignment1-IKFK-template\BVHAnimator.cpp(268,88): warning C4305: 'argument': truncation from 'double' to 'float'
C:\TimFolder\Study\AY2122_S2\CS3242\CS3242-Docs\CS3242Assignment1-IKFK-template\BVHAnimator.cpp(284,70): warning C4305: 'argument': truncation from 'double' to 'float'
C:\TimFolder\Study\AY2122_S2\CS3242\CS3242-Docs\CS3242Assignment1-IKFK-template\BVHAnimator.cpp(289,89): warning C4305: 'argument': truncation from 'double' to 'float'
C:\TimFolder\Study\AY2122_S2\CS3242\CS3242-Docs\CS3242Assignment1-IKFK-template\BVHAnimator.cpp(316,30): warning C4305: 'argument': truncation from 'double' to 'float'
C:\TimFolder\Study\AY2122_S2\CS3242\CS3242-Docs\CS3242Assignment1-IKFK-template\BVHAnimator.cpp(320,30): warning C4305: 'argument': truncation from 'double' to 'float'
C:\TimFolder\Study\AY2122_S2\CS3242\CS3242-Docs\CS3242Assignment1-IKFK-template\BVHAnimator.cpp(343,30): warning C4305: 'argument': truncation from 'double' to 'float'
C:\TimFolder\Study\AY2122_S2\CS3242\CS3242-Docs\CS3242Assignment1-IKFK-template\BVHAnimator.cpp(346,30): warning C4305: 'argument': truncation from 'double' to 'float'
C:\TimFolder\Study\AY2122_S2\CS3242\CS3242-Docs\CS3242Assignment1-IKFK-template\BVHAnimator.cpp(442,21): warning C4244: 'initializing': conversion from 'double' to 'float', possible loss of data
C:\TimFolder\Study\AY2122_S2\CS3242\CS3242-Docs\CS3242Assignment1-IKFK-template\BVHAnimator.cpp(469,29): warning C4244: 'argument': conversion from 'double' to 'const float', possible loss of data
C:\TimFolder\Study\AY2122_S2\CS3242\CS3242-Docs\CS3242Assignment1-IKFK-template\BVHAnimator.cpp(470,29): warning C4244: 'argument': conversion from 'double' to 'const float', possible loss of data
C:\TimFolder\Study\AY2122_S2\CS3242\CS3242-Docs\CS3242Assignment1-IKFK-template\BVHAnimator.cpp(471,29): warning C4244: 'argument': conversion from 'double' to 'const float', possible loss of data
C:\TimFolder\Study\AY2122_S2\CS3242\CS3242-Docs\CS3242Assignment1-IKFK-template\BVHAnimator.cpp(473,33): warning C4244: 'argument': conversion from 'double' to 'const float', possible loss of data
C:\TimFolder\Study\AY2122_S2\CS3242\CS3242-Docs\CS3242Assignment1-IKFK-template\BVHAnimator.cpp(509,33): warning C4244: '+=': conversion from 'double' to 'float', possible loss of data
C:\TimFolder\Study\AY2122_S2\CS3242\CS3242-Docs\CS3242Assignment1-IKFK-template\BVHAnimator.cpp(510,33): warning C4244: '+=': conversion from 'double' to 'float', possible loss of data
C:\TimFolder\Study\AY2122_S2\CS3242\CS3242-Docs\CS3242Assignment1-IKFK-template\BVHAnimator.cpp(511,33): warning C4244: '+=': conversion from 'double' to 'float', possible loss of data
C:\TimFolder\Study\AY2122_S2\CS3242\CS3242-Docs\CS3242Assignment1-IKFK-template\BVHAnimator.cpp(512,34): warning C4244: '+=': conversion from 'double' to 'float', possible loss of data
  BVHPlayer.cpp
C:\TimFolder\Study\AY2122_S2\CS3242\CS3242-Docs\CS3242Assignment1-IKFK-template\BVHPlayer.cpp(49,22): warning C4305: 'initializing': truncation from 'double' to 'float'
C:\TimFolder\Study\AY2122_S2\CS3242\CS3242-Docs\CS3242Assignment1-IKFK-template\BVHPlayer.cpp(49,38): warning C4305: 'initializing': truncation from 'double' to 'float'
C:\TimFolder\Study\AY2122_S2\CS3242\CS3242-Docs\CS3242Assignment1-IKFK-template\BVHPlayer.cpp(49,54): warning C4305: 'initializing': truncation from 'double' to 'float'
C:\TimFolder\Study\AY2122_S2\CS3242\CS3242-Docs\CS3242Assignment1-IKFK-template\BVHPlayer.cpp(89,62): warning C4244: 'argument': conversion from 'int' to 'float', possible loss of data
C:\TimFolder\Study\AY2122_S2\CS3242\CS3242-Docs\CS3242Assignment1-IKFK-template\BVHPlayer.cpp(131,31): warning C4305: 'argument': truncation from 'double' to 'GLfloat'
C:\TimFolder\Study\AY2122_S2\CS3242\CS3242-Docs\CS3242Assignment1-IKFK-template\BVHPlayer.cpp(213,39): warning C4244: '-=': conversion from 'double' to 'float', possible loss of data
C:\TimFolder\Study\AY2122_S2\CS3242\CS3242-Docs\CS3242Assignment1-IKFK-template\BVHPlayer.cpp(219,41): warning C4244: '-=': conversion from 'double' to 'float', possible loss of data
C:\TimFolder\Study\AY2122_S2\CS3242\CS3242-Docs\CS3242Assignment1-IKFK-template\BVHPlayer.cpp(227,44): warning C4244: '+=': conversion from 'double' to 'float', possible loss of data
C:\TimFolder\Study\AY2122_S2\CS3242\CS3242-Docs\CS3242Assignment1-IKFK-template\BVHPlayer.cpp(316,18): warning C4305: '-=': truncation from 'double' to 'float'
C:\TimFolder\Study\AY2122_S2\CS3242\CS3242-Docs\CS3242Assignment1-IKFK-template\BVHPlayer.cpp(319,18): warning C4305: '+=': truncation from 'double' to 'float'
C:\TimFolder\Study\AY2122_S2\CS3242\CS3242-Docs\CS3242Assignment1-IKFK-template\BVHPlayer.cpp(322,18): warning C4305: '+=': truncation from 'double' to 'float'
C:\TimFolder\Study\AY2122_S2\CS3242\CS3242-Docs\CS3242Assignment1-IKFK-template\BVHPlayer.cpp(325,18): warning C4305: '-=': truncation from 'double' to 'float'
C:\TimFolder\Study\AY2122_S2\CS3242\CS3242-Docs\CS3242Assignment1-IKFK-template\BVHPlayer.cpp(328,18): warning C4305: '-=': truncation from 'double' to 'float'
C:\TimFolder\Study\AY2122_S2\CS3242\CS3242-Docs\CS3242Assignment1-IKFK-template\BVHPlayer.cpp(331,18): warning C4305: '+=': truncation from 'double' to 'float'
C:\TimFolder\Study\AY2122_S2\CS3242\CS3242-Docs\CS3242Assignment1-IKFK-template\BVHPlayer.cpp(377,49): warning C4305: 'initializing': truncation from 'double' to 'float'
C:\TimFolder\Study\AY2122_S2\CS3242\CS3242-Docs\CS3242Assignment1-IKFK-template\BVHPlayer.cpp(379,49): warning C4305: 'initializing': truncation from 'double' to 'float'
C:\TimFolder\Study\AY2122_S2\CS3242\CS3242-Docs\CS3242Assignment1-IKFK-template\BVHPlayer.cpp(396,38): warning C4305: 'argument': truncation from 'double' to 'GLclampf'
  Generating Code...
  IKFK.vcxproj -> C:\TimFolder\Study\AY2122_S2\CS3242\CS3242-Docs\CS3242Assignment1-IKFK-template\Debug\IKFK.exe
